<?xml version="1.0" encoding="UTF-8"?>
<!-- Generated by org.testng.reporters.JUnitXMLReporter -->
<testsuite ignored="0" hostname="DESKTOP-027MQ7S" failures="0" tests="4" name="Test1" time="5.714" errors="0" timestamp="2024-08-08T12:07:44 IST">
  <testcase classname="Testngnew.VerifyLogin" name="LaunchUrl" time="5.135"/>
  <testcase classname="Testngnew.VerifyLogin" name="PageTitlename" time="0.015"/>
  <testcase classname="Testngnew.VerifyLogin" name="UsernamePresence" time="0.461"/>
  <testcase classname="Testngnew.VerifyLogin" name="passwordPresence" time="0.05"/>
</testsuite> <!-- Test1 -->
