<?xml version="1.0" encoding="UTF-8"?>
<!-- Generated by org.testng.reporters.JUnitXMLReporter -->
<testsuite ignored="0" hostname="DESKTOP-027MQ7S" failures="0" tests="5" name="Test2" time="6.754" errors="0" timestamp="2024-08-08T12:07:50 IST">
  <testcase classname="Testngnew.UsernameAndPassword" name="LaunchingUrl" time="6.0"/>
  <testcase classname="Testngnew.UsernameAndPassword" name="Username" time="0.463"/>
  <testcase classname="Testngnew.UsernameAndPassword" name="UsernameEnabled" time="0.039"/>
  <testcase classname="Testngnew.UsernameAndPassword" name="Placeholder" time="0.046"/>
  <testcase classname="Testngnew.UsernameAndPassword" name="UsernameLength" time="0.172"/>
</testsuite> <!-- Test2 -->
